# JRE version: OpenJDK Runtime Environment Temurin-17.0.5+8 (17.0.5+8) (build 17.0.5+8)
# Java VM: OpenJDK 64-Bit Server VM Temurin-17.0.5+8 (17.0.5+8, mixed mode, sharing, tiered, compressed oops, compressed class ptrs, g1 gc, windows-amd64)
GC Precious Log:
 CPUs: 16 total, 16 available
 Memory: 16314M
 Large Page Support: Disabled
 NUMA Support: Disabled
 Compressed Oops: Enabled (Zero based)
 Heap Region Size: 2M
 Heap Min Capacity: 8M
 Heap Initial Capacity: 256M
 Heap Max Capacity: 4080M
 Pre-touch: Disabled
 Parallel Workers: 13
 Concurrent Workers: 3
 Concurrent Refinement Workers: 13
 Periodic GC: Disabled
Heap:
 garbage-first heap   total 501760K, used 333770K [0x0000000701000000, 0x0000000800000000)
  region size 2048K, 72 young (147456K), 5 survivors (10240K)
 Metaspace       used 85348K, committed 86656K, reserved 1122304K
  class space    used 12990K, committed 13568K, reserved 1048576K
GC Heap History (20 events):
Event: 8.935 GC heap before
{Heap before GC invocations=16 (full 0):
 garbage-first heap   total 477184K, used 303055K [0x0000000701000000, 0x0000000800000000)
  region size 2048K, 108 young (221184K), 9 survivors (18432K)
 Metaspace       used 35353K, committed 36288K, reserved 1081344K
  class space    used 4351K, committed 4800K, reserved 1048576K
}
Event: 8.942 GC heap after
{Heap after GC invocations=17 (full 0):
 garbage-first heap   total 477184K, used 108532K [0x0000000701000000, 0x0000000800000000)
  region size 2048K, 11 young (22528K), 11 survivors (22528K)
 Metaspace       used 35353K, committed 36288K, reserved 1081344K
  class space    used 4351K, committed 4800K, reserved 1048576K
}
Event: 10.105 GC heap before
{Heap before GC invocations=18 (full 0):
 garbage-first heap   total 417792K, used 335860K [0x0000000701000000, 0x0000000800000000)
  region size 2048K, 122 young (249856K), 11 survivors (22528K)
 Metaspace       used 43102K, committed 44160K, reserved 1089536K
  class space    used 5601K, committed 6080K, reserved 1048576K
}
Event: 10.115 GC heap after
{Heap after GC invocations=19 (full 0):
 garbage-first heap   total 417792K, used 117841K [0x0000000701000000, 0x0000000800000000)
  region size 2048K, 12 young (24576K), 12 survivors (24576K)
 Metaspace       used 43102K, committed 44160K, reserved 1089536K
  class space    used 5601K, committed 6080K, reserved 1048576K
}
Event: 10.681 GC heap before
{Heap before GC invocations=19 (full 0):
 garbage-first heap   total 417792K, used 343121K [0x0000000701000000, 0x0000000800000000)
  region size 2048K, 122 young (249856K), 12 survivors (24576K)
 Metaspace       used 44450K, committed 45440K, reserved 1089536K
  class space    used 5822K, committed 6272K, reserved 1048576K
}
Event: 10.702 GC heap after
{Heap after GC invocations=20 (full 0):
 garbage-first heap   total 417792K, used 137998K [0x0000000701000000, 0x0000000800000000)
  region size 2048K, 16 young (32768K), 16 survivors (32768K)
 Metaspace       used 44450K, committed 45440K, reserved 1089536K
  class space    used 5822K, committed 6272K, reserved 1048576K
}
Event: 11.572 GC heap before
{Heap before GC invocations=20 (full 0):
 garbage-first heap   total 417792K, used 338702K [0x0000000701000000, 0x0000000800000000)
  region size 2048K, 114 young (233472K), 16 survivors (32768K)
 Metaspace       used 50637K, committed 51648K, reserved 1097728K
  class space    used 6785K, committed 7232K, reserved 1048576K
}
Event: 11.594 GC heap after
{Heap after GC invocations=21 (full 0):
 garbage-first heap   total 417792K, used 169619K [0x0000000701000000, 0x0000000800000000)
  region size 2048K, 15 young (30720K), 15 survivors (30720K)
 Metaspace       used 50637K, committed 51648K, reserved 1097728K
  class space    used 6785K, committed 7232K, reserved 1048576K
}
Event: 12.570 GC heap before
{Heap before GC invocations=21 (full 0):
 garbage-first heap   total 417792K, used 327315K [0x0000000701000000, 0x0000000800000000)
  region size 2048K, 92 young (188416K), 15 survivors (30720K)
 Metaspace       used 59856K, committed 61056K, reserved 1105920K
  class space    used 8809K, committed 9344K, reserved 1048576K
}
Event: 12.582 GC heap after
{Heap after GC invocations=22 (full 0):
 garbage-first heap   total 417792K, used 179236K [0x0000000701000000, 0x0000000800000000)
  region size 2048K, 5 young (10240K), 5 survivors (10240K)
 Metaspace       used 59856K, committed 61056K, reserved 1105920K
  class space    used 8809K, committed 9344K, reserved 1048576K
}
Event: 12.584 GC heap before
{Heap before GC invocations=22 (full 0):
 garbage-first heap   total 417792K, used 179236K [0x0000000701000000, 0x0000000800000000)
  region size 2048K, 6 young (12288K), 5 survivors (10240K)
 Metaspace       used 59863K, committed 61056K, reserved 1105920K
  class space    used 8809K, committed 9344K, reserved 1048576K
}
Event: 12.588 GC heap after
{Heap after GC invocations=23 (full 0):
 garbage-first heap   total 417792K, used 177626K [0x0000000701000000, 0x0000000800000000)
  region size 2048K, 4 young (8192K), 4 survivors (8192K)
 Metaspace       used 59863K, committed 61056K, reserved 1105920K
  class space    used 8809K, committed 9344K, reserved 1048576K
}
Event: 14.186 GC heap before
{Heap before GC invocations=24 (full 0):
 garbage-first heap   total 417792K, used 337370K [0x0000000701000000, 0x0000000800000000)
  region size 2048K, 82 young (167936K), 4 survivors (8192K)
 Metaspace       used 70164K, committed 71360K, reserved 1114112K
  class space    used 10293K, committed 10816K, reserved 1048576K
}
Event: 14.194 GC heap after
{Heap after GC invocations=25 (full 0):
 garbage-first heap   total 417792K, used 185076K [0x0000000701000000, 0x0000000800000000)
  region size 2048K, 8 young (16384K), 8 survivors (16384K)
 Metaspace       used 70164K, committed 71360K, reserved 1114112K
  class space    used 10293K, committed 10816K, reserved 1048576K
}
Event: 15.106 GC heap before
{Heap before GC invocations=26 (full 0):
 garbage-first heap   total 417792K, used 340724K [0x0000000701000000, 0x0000000800000000)
  region size 2048K, 83 young (169984K), 8 survivors (16384K)
 Metaspace       used 78967K, committed 80192K, reserved 1122304K
  class space    used 11918K, committed 12416K, reserved 1048576K
}
Event: 15.116 GC heap after
{Heap after GC invocations=27 (full 0):
 garbage-first heap   total 417792K, used 191408K [0x0000000701000000, 0x0000000800000000)
  region size 2048K, 8 young (16384K), 8 survivors (16384K)
 Metaspace       used 78967K, committed 80192K, reserved 1122304K
  class space    used 11918K, committed 12416K, reserved 1048576K
}
Event: 15.741 GC heap before
{Heap before GC invocations=27 (full 0):
 garbage-first heap   total 417792K, used 340912K [0x0000000701000000, 0x0000000800000000)
  region size 2048K, 81 young (165888K), 8 survivors (16384K)
 Metaspace       used 83018K, committed 84288K, reserved 1122304K
  class space    used 12598K, committed 13184K, reserved 1048576K
}
Event: 15.752 GC heap after
{Heap after GC invocations=28 (full 0):
 garbage-first heap   total 417792K, used 198791K [0x0000000701000000, 0x0000000800000000)
  region size 2048K, 7 young (14336K), 7 survivors (14336K)
 Metaspace       used 83018K, committed 84288K, reserved 1122304K
  class space    used 12598K, committed 13184K, reserved 1048576K
}
Event: 15.791 GC heap before
{Heap before GC invocations=28 (full 0):
 garbage-first heap   total 417792K, used 342151K [0x0000000701000000, 0x0000000800000000)
  region size 2048K, 78 young (159744K), 7 survivors (14336K)
 Metaspace       used 83270K, committed 84544K, reserved 1122304K
  class space    used 12644K, committed 13248K, reserved 1048576K
}
Event: 15.799 GC heap after
{Heap after GC invocations=29 (full 0):
 garbage-first heap   total 501760K, used 200650K [0x0000000701000000, 0x0000000800000000)
  region size 2048K, 5 young (10240K), 5 survivors (10240K)
 Metaspace       used 83270K, committed 84544K, reserved 1122304K
  class space    used 12644K, committed 13248K, reserved 1048576K
}

