# JRE version: OpenJDK Runtime Environment Temurin-17.0.5+8 (17.0.5+8) (build 17.0.5+8)
# Java VM: OpenJDK 64-Bit Server VM Temurin-17.0.5+8 (17.0.5+8, mixed mode, sharing, tiered, compressed oops, compressed class ptrs, g1 gc, windows-amd64)
GC Precious Log:
 CPUs: 16 total, 16 available
 Memory: 16314M
 Large Page Support: Disabled
 NUMA Support: Disabled
 Compressed Oops: Enabled (Zero based)
 Heap Region Size: 2M
 Heap Min Capacity: 8M
 Heap Initial Capacity: 256M
 Heap Max Capacity: 4080M
 Pre-touch: Disabled
 Parallel Workers: 13
 Concurrent Workers: 3
 Concurrent Refinement Workers: 13
 Periodic GC: Disabled
Heap:
 garbage-first heap   total 337920K, used 178770K [0x0000000701000000, 0x0000000800000000)
  region size 2048K, 15 young (30720K), 9 survivors (18432K)
 Metaspace       used 50318K, committed 51392K, reserved 1097728K
  class space    used 6724K, committed 7232K, reserved 1048576K
GC Heap History (20 events):
Event: 5.375 GC heap before
{Heap before GC invocations=11 (full 0):
 garbage-first heap   total 280576K, used 219621K [0x0000000701000000, 0x0000000800000000)
  region size 2048K, 71 young (145408K), 1 survivors (2048K)
 Metaspace       used 27467K, committed 28288K, reserved 1081344K
  class space    used 3362K, committed 3712K, reserved 1048576K
}
Event: 5.377 GC heap after
{Heap after GC invocations=12 (full 0):
 garbage-first heap   total 280576K, used 76982K [0x0000000701000000, 0x0000000800000000)
  region size 2048K, 2 young (4096K), 2 survivors (4096K)
 Metaspace       used 27467K, committed 28288K, reserved 1081344K
  class space    used 3362K, committed 3712K, reserved 1048576K
}
Event: 5.864 GC heap before
{Heap before GC invocations=12 (full 0):
 garbage-first heap   total 280576K, used 222390K [0x0000000701000000, 0x0000000800000000)
  region size 2048K, 74 young (151552K), 2 survivors (4096K)
 Metaspace       used 28051K, committed 28928K, reserved 1081344K
  class space    used 3427K, committed 3840K, reserved 1048576K
}
Event: 5.868 GC heap after
{Heap after GC invocations=13 (full 0):
 garbage-first heap   total 280576K, used 79346K [0x0000000701000000, 0x0000000800000000)
  region size 2048K, 3 young (6144K), 3 survivors (6144K)
 Metaspace       used 28051K, committed 28928K, reserved 1081344K
  class space    used 3427K, committed 3840K, reserved 1048576K
}
Event: 6.128 GC heap before
{Heap before GC invocations=13 (full 0):
 garbage-first heap   total 280576K, used 228850K [0x0000000701000000, 0x0000000800000000)
  region size 2048K, 76 young (155648K), 3 survivors (6144K)
 Metaspace       used 28403K, committed 29248K, reserved 1081344K
  class space    used 3475K, committed 3840K, reserved 1048576K
}
Event: 6.136 GC heap after
{Heap after GC invocations=14 (full 0):
 garbage-first heap   total 280576K, used 87796K [0x0000000701000000, 0x0000000800000000)
  region size 2048K, 7 young (14336K), 7 survivors (14336K)
 Metaspace       used 28403K, committed 29248K, reserved 1081344K
  class space    used 3475K, committed 3840K, reserved 1048576K
}
Event: 6.492 GC heap before
{Heap before GC invocations=14 (full 0):
 garbage-first heap   total 280576K, used 227060K [0x0000000701000000, 0x0000000800000000)
  region size 2048K, 75 young (153600K), 7 survivors (14336K)
 Metaspace       used 29251K, committed 30144K, reserved 1081344K
  class space    used 3562K, committed 3968K, reserved 1048576K
}
Event: 6.504 GC heap after
{Heap after GC invocations=15 (full 0):
 garbage-first heap   total 280576K, used 93153K [0x0000000701000000, 0x0000000800000000)
  region size 2048K, 7 young (14336K), 7 survivors (14336K)
 Metaspace       used 29251K, committed 30144K, reserved 1081344K
  class space    used 3562K, committed 3968K, reserved 1048576K
}
Event: 6.852 GC heap before
{Heap before GC invocations=15 (full 0):
 garbage-first heap   total 280576K, used 240609K [0x0000000701000000, 0x0000000800000000)
  region size 2048K, 73 young (149504K), 7 survivors (14336K)
 Metaspace       used 31580K, committed 32512K, reserved 1081344K
  class space    used 3881K, committed 4288K, reserved 1048576K
}
Event: 6.861 GC heap after
{Heap after GC invocations=16 (full 0):
 garbage-first heap   total 280576K, used 107582K [0x0000000701000000, 0x0000000800000000)
  region size 2048K, 4 young (8192K), 4 survivors (8192K)
 Metaspace       used 31580K, committed 32512K, reserved 1081344K
  class space    used 3881K, committed 4288K, reserved 1048576K
}
Event: 7.832 GC heap before
{Heap before GC invocations=16 (full 0):
 garbage-first heap   total 280576K, used 232510K [0x0000000701000000, 0x0000000800000000)
  region size 2048K, 65 young (133120K), 4 survivors (8192K)
 Metaspace       used 34759K, committed 35712K, reserved 1081344K
  class space    used 4280K, committed 4736K, reserved 1048576K
}
Event: 7.838 GC heap after
{Heap after GC invocations=17 (full 0):
 garbage-first heap   total 337920K, used 110333K [0x0000000701000000, 0x0000000800000000)
  region size 2048K, 6 young (12288K), 6 survivors (12288K)
 Metaspace       used 34759K, committed 35712K, reserved 1081344K
  class space    used 4280K, committed 4736K, reserved 1048576K
}
Event: 8.086 GC heap before
{Heap before GC invocations=17 (full 0):
 garbage-first heap   total 337920K, used 161533K [0x0000000701000000, 0x0000000800000000)
  region size 2048K, 32 young (65536K), 6 survivors (12288K)
 Metaspace       used 35495K, committed 36416K, reserved 1081344K
  class space    used 4349K, committed 4800K, reserved 1048576K
}
Event: 8.092 GC heap after
{Heap after GC invocations=18 (full 0):
 garbage-first heap   total 337920K, used 110910K [0x0000000701000000, 0x0000000800000000)
  region size 2048K, 6 young (12288K), 6 survivors (12288K)
 Metaspace       used 35495K, committed 36416K, reserved 1081344K
  class space    used 4349K, committed 4800K, reserved 1048576K
}
Event: 9.132 GC heap before
{Heap before GC invocations=19 (full 0):
 garbage-first heap   total 337920K, used 278846K [0x0000000701000000, 0x0000000800000000)
  region size 2048K, 88 young (180224K), 6 survivors (12288K)
 Metaspace       used 42502K, committed 43456K, reserved 1089536K
  class space    used 5470K, committed 5888K, reserved 1048576K
}
Event: 9.143 GC heap after
{Heap after GC invocations=20 (full 0):
 garbage-first heap   total 337920K, used 119315K [0x0000000701000000, 0x0000000800000000)
  region size 2048K, 10 young (20480K), 10 survivors (20480K)
 Metaspace       used 42502K, committed 43456K, reserved 1089536K
  class space    used 5470K, committed 5888K, reserved 1048576K
}
Event: 9.741 GC heap before
{Heap before GC invocations=20 (full 0):
 garbage-first heap   total 337920K, used 277011K [0x0000000701000000, 0x0000000800000000)
  region size 2048K, 87 young (178176K), 10 survivors (20480K)
 Metaspace       used 44449K, committed 45440K, reserved 1089536K
  class space    used 5813K, committed 6272K, reserved 1048576K
}
Event: 9.762 GC heap after
{Heap after GC invocations=21 (full 0):
 garbage-first heap   total 337920K, used 135044K [0x0000000701000000, 0x0000000800000000)
  region size 2048K, 11 young (22528K), 11 survivors (22528K)
 Metaspace       used 44449K, committed 45440K, reserved 1089536K
  class space    used 5813K, committed 6272K, reserved 1048576K
}
Event: 10.024 GC heap before
{Heap before GC invocations=21 (full 0):
 garbage-first heap   total 337920K, used 274308K [0x0000000701000000, 0x0000000800000000)
  region size 2048K, 79 young (161792K), 11 survivors (22528K)
 Metaspace       used 44962K, committed 45952K, reserved 1089536K
  class space    used 5883K, committed 6336K, reserved 1048576K
}
Event: 10.044 GC heap after
{Heap after GC invocations=22 (full 0):
 garbage-first heap   total 337920K, used 150690K [0x0000000701000000, 0x0000000800000000)
  region size 2048K, 8 young (16384K), 8 survivors (16384K)
 Metaspace       used 44962K, committed 45952K, reserved 1089536K
  class space    used 5883K, committed 6336K, reserved 1048576K
}

